2025-02-01 10:18:00 | WARN | repo=auction | action=commit
2025-06-13 11:04:00 | WARN | repo=auction | action=commit
2025-05-24 13:08:00 | WARN | repo=auction | action=commit
2025-10-28 13:30:00 | WARN | repo=auction | action=edit | files=3
2025-12-01 09:08:00 | DEBUG | repo=auction | action=commit
2025-03-13 17:45:00 | INFO | repo=auction | action=edit | files=4
2025-08-19 07:42:00 | INFO | repo=auction | action=commit
2025-06-26 13:45:00 | WARN | repo=auction | action=commit
2025-02-15 13:11:00 | INFO | repo=auction | action=commit
2025-03-09 07:44:00 | WARN | repo=auction | action=commit
2025-08-01 20:39:00 | WARN | repo=auction | action=commit
2025-12-17 19:35:00 | INFO | repo=auction | action=commit
2025-08-19 12:00:00 | DEBUG | repo=auction | action=test | passed=true
2025-11-26 15:15:00 | WARN | repo=auction | action=commit
2025-05-12 19:15:00 | INFO | repo=auction | action=commit
2025-07-08 19:45:00 | WARN | repo=auction | action=commit
2025-08-08 17:23:00 | DEBUG | repo=auction | action=commit
2025-06-16 19:28:00 | DEBUG | repo=auction | action=commit
2025-09-21 14:18:00 | WARN | repo=auction | action=commit
2025-09-14 07:41:00 | DEBUG | repo=auction | action=commit
2025-04-18 11:05:00 | DEBUG | repo=auction | action=commit
2025-04-14 09:33:00 | DEBUG | repo=auction | action=commit
2025-08-19 14:45:00 | DEBUG | repo=auction | action=commit
